\BOOKMARK [0][-]{section*.1}{The Rise and Fall of Aggressive Coaching: A Quantitative Analysis of NFL Play-Calling Evolution}{}% 1
\BOOKMARK [1][-]{section.1}{1 Introduction}{section*.1}% 2
\BOOKMARK [2][-]{subsection.1.1}{1.1 Defining Coaching Aggression}{section.1}% 3
\BOOKMARK [2][-]{subsection.1.2}{1.2 The Competitve Dynamics Puzzle}{section.1}% 4
\BOOKMARK [2][-]{subsection.1.3}{1.3 The Coaching Tree Framework}{section.1}% 5
\BOOKMARK [2][-]{subsection.1.4}{1.4 WAR as the Measure of Coaching Success}{section.1}% 6
\BOOKMARK [2][-]{subsection.1.5}{1.5 Research Questions}{section.1}% 7
\BOOKMARK [1][-]{section.2}{2 Lierature Review}{section*.1}% 8
\BOOKMARK [1][-]{section.3}{3 Data}{section*.1}% 9
\BOOKMARK [1][-]{section.4}{4 Methodology}{section*.1}% 10
\BOOKMARK [2][-]{subsection.4.1}{4.1 Measuring Aggression}{section.4}% 11
\BOOKMARK [2][-]{subsection.4.2}{4.2 Performance Analysis}{section.4}% 12
\BOOKMARK [2][-]{subsection.4.3}{4.3 Persistence Analysis}{section.4}% 13
\BOOKMARK [2][-]{subsection.4.4}{4.4 Inheritance Analysis}{section.4}% 14
\BOOKMARK [1][-]{section.5}{5 Results}{section*.1}% 15
\BOOKMARK [2][-]{subsection.5.1}{5.1 The Transformation of NFL Strategy}{section.5}% 16
\BOOKMARK [2][-]{subsection.5.2}{5.2 Aggression and Performance: A Disappearing Advantage}{section.5}% 17
\BOOKMARK [3][-]{subsubsection.5.2.1}{5.2.1 Diffusion and Increased Variance}{subsection.5.2}% 18
\BOOKMARK [3][-]{subsubsection.5.2.2}{5.2.2 Offensive vs. Defensive Coaches}{subsection.5.2}% 19
\BOOKMARK [2][-]{subsection.5.3}{5.3 Aggression as Trait and State}{section.5}% 20
\BOOKMARK [3][-]{subsubsection.5.3.1}{5.3.1 Offensive vs. Defensive Coaches}{subsection.5.3}% 21
\BOOKMARK [2][-]{subsection.5.4}{5.4 The Myth of Coaching Trees}{section.5}% 22
\BOOKMARK [3][-]{subsubsection.5.4.1}{5.4.1 Offensive vs. Defensive Mentors}{subsection.5.4}% 23
\BOOKMARK [1][-]{section.6}{6 Discussion}{section*.1}% 24
\BOOKMARK [2][-]{subsection.6.1}{6.1 The Complete Collapse of a Competitive Advantage}{section.6}% 25
\BOOKMARK [2][-]{subsection.6.2}{6.2 Causality: Which Direction Does It Run?}{section.6}% 26
\BOOKMARK [2][-]{subsection.6.3}{6.3 The Pass-Heavy Puzzle}{section.6}% 27
\BOOKMARK [2][-]{subsection.6.4}{6.4 Why Fourth Down Philosophy Transfers}{section.6}% 28
\BOOKMARK [2][-]{subsection.6.5}{6.5 Challenging the Coaching Tree Narrative}{section.6}% 29
\BOOKMARK [2][-]{subsection.6.6}{6.6 Where Has the Advantage Moved?}{section.6}% 30
\BOOKMARK [2][-]{subsection.6.7}{6.7 Limitations}{section.6}% 31
\BOOKMARK [1][-]{section.7}{7 Conclusion}{section*.1}% 32
