\BOOKMARK [1][-]{section.1}{Introduction}{}% 1
\BOOKMARK [2][-]{subsection.1.1}{Research Questions}{section.1}% 2
\BOOKMARK [1][-]{section.2}{Data}{}% 3
\BOOKMARK [1][-]{section.3}{Methodology}{}% 4
\BOOKMARK [2][-]{subsection.3.1}{Measuring Aggression}{section.3}% 5
\BOOKMARK [2][-]{subsection.3.2}{Performance Analysis}{section.3}% 6
\BOOKMARK [2][-]{subsection.3.3}{Persistence Analysis}{section.3}% 7
\BOOKMARK [2][-]{subsection.3.4}{Inheritance Analysis}{section.3}% 8
\BOOKMARK [1][-]{section.4}{Results}{}% 9
\BOOKMARK [2][-]{subsection.4.1}{The Transformation of NFL Strategy}{section.4}% 10
\BOOKMARK [2][-]{subsection.4.2}{Aggression and Performance: A Disappearing Advantage}{section.4}% 11
\BOOKMARK [3][-]{subsubsection.4.2.1}{Diffusion Plus Diminishing Returns}{subsection.4.2}% 12
\BOOKMARK [3][-]{subsubsection.4.2.2}{Offensive vs. Defensive Coaches}{subsection.4.2}% 13
\BOOKMARK [2][-]{subsection.4.3}{Aggression as Trait and State}{section.4}% 14
\BOOKMARK [3][-]{subsubsection.4.3.1}{Offensive vs. Defensive Coaches}{subsection.4.3}% 15
\BOOKMARK [2][-]{subsection.4.4}{The Myth of Coaching Trees}{section.4}% 16
\BOOKMARK [3][-]{subsubsection.4.4.1}{Offensive vs. Defensive Mentors}{subsection.4.4}% 17
\BOOKMARK [1][-]{section.5}{Discussion}{}% 18
\BOOKMARK [2][-]{subsection.5.1}{The Lifecycle of Strategic Innovation}{section.5}% 19
\BOOKMARK [2][-]{subsection.5.2}{Causality: Which Direction Does It Run?}{section.5}% 20
\BOOKMARK [2][-]{subsection.5.3}{The Pass-Heavy Puzzle}{section.5}% 21
\BOOKMARK [2][-]{subsection.5.4}{Why Fourth Down Philosophy Transfers}{section.5}% 22
\BOOKMARK [2][-]{subsection.5.5}{Challenging the Coaching Tree Narrative}{section.5}% 23
\BOOKMARK [2][-]{subsection.5.6}{Where Has the Advantage Moved?}{section.5}% 24
\BOOKMARK [2][-]{subsection.5.7}{Limitations}{section.5}% 25
\BOOKMARK [1][-]{section.6}{Conclusion}{}% 26
